test_arithmetical_f120e705af15436fa39b596207eda786 FAILED
rtest_arithmetical_ccced85a639d4223bf67b4318187ae31 FAILED               
...
test_combination_41e475efbac848028088f3e58b25db73 FAILED                 
test_combination_c4307a00a2c74f75bccce3f06d63d90d FAILED                 
...
test_multiplication_9d2be42da58549d8998ba41e7e15b421 FAILED           
test_multiplication_b28112e8fd7c43b699f0890dafc9e5a7 PASSED           
...
test_sum_0a4b2d3d60e34a9e92c5c3f1970d85c5 FAILED                           
test_sum_23dbbc3c583c4510ae09dde4d3f7ac73 PASSED                           
...                                                                                                 